<?xml version="1.0" encoding="UTF-8"?>
<testng-results skipped="0" failed="0" ignored="0" total="1" passed="1">
  <reporter-output>
  </reporter-output>
  <suite name="Suite" duration-ms="21308" started-at="2023-06-02T11:45:22 IST" finished-at="2023-06-02T11:45:44 IST">
    <groups>
    </groups>
    <test name="Test" duration-ms="21308" started-at="2023-06-02T11:45:22 IST" finished-at="2023-06-02T11:45:44 IST">
      <class name="com.learnautomation.framework.LoginTest">
        <test-method status="PASS" signature="startApplication()[pri:0, instance:com.learnautomation.framework.LoginTest@1c93084c]" name="startApplication" is-config="true" duration-ms="11312" started-at="2023-06-02T11:45:24 IST" finished-at="2023-06-02T11:45:35 IST">
          <reporter-output>
          </reporter-output>
        </test-method> <!-- startApplication -->
        <test-method status="PASS" signature="invaidLoginApplication(java.lang.String,java.lang.String)[pri:0, instance:com.learnautomation.framework.LoginTest@1c93084c]" name="invaidLoginApplication" duration-ms="8337" started-at="2023-06-02T11:45:35 IST" data-provider="logins" finished-at="2023-06-02T11:45:43 IST">
          <params>
            <param index="0">
              <value>
                <![CDATA[admin@gmail.com]]>
              </value>
            </param>
            <param index="1">
              <value>
                <![CDATA[admin]]>
              </value>
            </param>
          </params>
          <reporter-output>
          </reporter-output>
        </test-method> <!-- invaidLoginApplication -->
        <test-method status="PASS" signature="closeApplication()[pri:0, instance:com.learnautomation.framework.LoginTest@1c93084c]" name="closeApplication" is-config="true" duration-ms="256" started-at="2023-06-02T11:45:43 IST" finished-at="2023-06-02T11:45:44 IST">
          <reporter-output>
          </reporter-output>
        </test-method> <!-- closeApplication -->
      </class> <!-- com.learnautomation.framework.LoginTest -->
    </test> <!-- Test -->
  </suite> <!-- Suite -->
</testng-results>
