<?xml version="1.0" encoding="UTF-8"?>
<testng-results ignored="0" total="1" passed="1" failed="0" skipped="0">
  <reporter-output>
  </reporter-output>
  <suite started-at="2023-06-02T10:48:29 IST" name="Suite" finished-at="2023-06-02T10:48:47 IST" duration-ms="17724">
    <groups>
    </groups>
    <test started-at="2023-06-02T10:48:29 IST" name="Test" finished-at="2023-06-02T10:48:47 IST" duration-ms="17724">
      <class name="com.learnautomation.framework.LoginTest">
        <test-method is-config="true" signature="startApplication()[pri:0, instance:com.learnautomation.framework.LoginTest@35645047]" started-at="2023-06-02T10:48:30 IST" name="startApplication" finished-at="2023-06-02T10:48:40 IST" duration-ms="10071" status="PASS">
          <reporter-output>
          </reporter-output>
        </test-method> <!-- startApplication -->
        <test-method signature="invaidLoginApplication(java.lang.String,java.lang.String)[pri:0, instance:com.learnautomation.framework.LoginTest@35645047]" started-at="2023-06-02T10:48:40 IST" name="invaidLoginApplication" data-provider="logins" finished-at="2023-06-02T10:48:47 IST" duration-ms="6580" status="PASS">
          <params>
            <param index="0">
              <value>
                <![CDATA[admin@gmail.com]]>
              </value>
            </param>
            <param index="1">
              <value>
                <![CDATA[admin]]>
              </value>
            </param>
          </params>
          <reporter-output>
          </reporter-output>
        </test-method> <!-- invaidLoginApplication -->
        <test-method is-config="true" signature="closeApplication()[pri:0, instance:com.learnautomation.framework.LoginTest@35645047]" started-at="2023-06-02T10:48:47 IST" name="closeApplication" finished-at="2023-06-02T10:48:47 IST" duration-ms="119" status="PASS">
          <reporter-output>
          </reporter-output>
        </test-method> <!-- closeApplication -->
      </class> <!-- com.learnautomation.framework.LoginTest -->
    </test> <!-- Test -->
  </suite> <!-- Suite -->
</testng-results>
